<?xml version="1.0" encoding="UTF-8"?>
<testng-results skipped="0" failed="0" ignored="0" total="1" passed="1">
  <reporter-output>
  </reporter-output>
  <suite name="Default suite" duration-ms="69" started-at="2018-10-21T20:13:47Z" finished-at="2018-10-21T20:13:47Z">
    <groups>
    </groups>
    <test name="Default test" duration-ms="69" started-at="2018-10-21T20:13:47Z" finished-at="2018-10-21T20:13:47Z">
      <class name="MavenTestNGPackage.NewTest">
        <test-method status="PASS" signature="TestNGMethod()[pri:0, instance:MavenTestNGPackage.NewTest@15be6bb]" name="TestNGMethod" duration-ms="14" started-at="2018-10-21T20:13:47Z" finished-at="2018-10-21T20:13:47Z">
          <reporter-output>
          </reporter-output>
        </test-method> <!-- TestNGMethod -->
      </class> <!-- MavenTestNGPackage.NewTest -->
    </test> <!-- Default test -->
  </suite> <!-- Default suite -->
</testng-results>
